1590209656098:show-home
1590209664961:download-journal 19721
1590209913237:download-combination 1412
1590210144549:show-hoem
1590210146959:show-home
1590210487922:download-journal 20785
1590211186471:download-journal 20739
1590239419663:download-combination 1080
1590241961973:help
1590241978164:download-combination iess
1590243423216:help
1590243495206:download-combination siwayouhuo
1590243586797:download-combination  iess
1590246934672:help
1590246946526:download-combination siwayouhuo
1590247357778:help
1590247368375:download-combination 1088
1590273076377:download-combination siwayouhuo
1590274820644:download-combination hesi
1590276009551:help
1590276084507:download-combination heisi
1590276528448:help
1590276532966:download-combination imiss
1590276637382:help
1590276642213:download-combination imiss
1590278786348:help
1590278792361:download-combination siwameitui
1590293241045:help
1590293246026:ls
1590293251252:show-home
1590293257625:help
1590293270451:set-home D:/download
1590293274559:help
1590293288737:show-home
1590293435395:help
1590293443768:download-combination heisi
1590295044032:help
1590295292550:download-combination heisi
1590295957019:help
1590295968478:show-home
1590295971507:download-combination heisi
1590301313092:help
1590301319953:download-combination siwayouhuo
1590303002270:history
1590303011574:download-combination siwayouhuo
1590309632144:help
1590309647341:history
1590309661268:download-combination siwameitui
1590315175066:history
1590315181872:download-combination siwameitui
1590320951920:history
1590321376347:download-combination heisi
1590360698071:help
1590360709685:download-combination iess
1590474140139:help
1590474143229:show-home
1590474190418:download-combination iess
1590489933199:download-combination heisi
1590490674833:download-combination siwameitui
1590492279096:download-commbination meizu
1590492326219:ownload-combination meizu
1590492336740:download-combination meizu
1590492452474:download-combination 1084
1590492511928:download-combination  1084
1590492573316:stacktrace
1590492690076:download-combination  1084
1590492697388:stacktrace
1590492765113:download-combination  1084
1590493006506:download-combination 1080
1590494405099:download-combination iess
1590496138118:download-combination 1426
1590496956394:download-combination ol
1590498199350:help
1590498223488:download-combination siwayouhuo
1590498744283:history
1590498757621:download-combination ligui
1590501434756:download-combination kongjie
1590501970328:download-combination hushi
1590502369685:download-combination qingqu
1590502735387:download-combination  1080
1590678311618:download-combination 1083
1590678640592:download-combination 1089
1590680477938:download-combination 1083
1590712053138:download-combination iess
1591094105412:help
1591094113357:download-combination 1461
